<?xml version="1.0" encoding="UTF-8"?>
<!-- Generated by org.testng.reporters.JUnitReportReporter -->
<testsuite skipped="0" hostname="tomek-OptiPlex-790" name="testngv2.testv1" tests="1" failures="0" timestamp="25 lip 2017 09:40:33 GMT" time="0.013" errors="0">
  <testcase name="f" time="0.013" classname="testngv2.testv1"/>
</testsuite> <!-- testngv2.testv1 -->
